2021-06-01 refactor: simplify module wiring
2021-06-04 chore: housekeeping
2021-06-04 docs: clarify setup steps
2021-06-17 chore: sync local changes
2021-06-22 refactor: simplify module wiring
2021-06-24 test: add coverage for helper
2021-06-30 style: format sources
2021-07-03 build: adjust tooling scripts
2021-07-07 docs: update README notes
2021-07-07 chore: bump internal marker
2021-07-09 chore: tidy project layout
2021-07-10 chore: bump internal marker
2021-07-11 style: format sources
2021-07-14 docs: update README notes
2021-07-18 docs: update README notes
2021-07-20 docs: clarify setup steps
2021-07-22 build: adjust tooling scripts
2021-07-25 fix: handle empty input
2021-07-28 docs: note deployment caveat
2021-07-30 chore: housekeeping
2021-08-01 test: add coverage for helper
2021-08-03 docs: update README notes
2021-08-10 style: format sources
2021-08-18 fix: guard null reference
2021-08-19 refactor: simplify module wiring
2021-08-31 fix: patch edge case in config
2021-09-04 refactor: extract shared utility
2021-09-05 chore: bump internal marker
2021-09-14 style: format sources
2021-09-16 chore: housekeeping
2021-09-17 chore: housekeeping
2021-09-22 test: add coverage for helper
2021-09-24 build: adjust tooling scripts
2021-09-25 docs: update README notes
2021-09-27 chore: bump internal marker
2021-09-30 build: adjust tooling scripts
